<?xml version="1.0" encoding="UTF-8"?>
<!-- Generated by org.testng.reporters.JUnitReportReporter -->
<testsuite hostname="DESKTOP-8DBSALH" failures="0" tests="1" name="testNG.TestngClassA" time="0.178" errors="0" timestamp="2022-03-27T22:37:28 IST" skipped="0">
  <testcase classname="testNG.TestngClassA" name="afterpage" time="0.178"/>
  <system-out/>
</testsuite> <!-- testNG.TestngClassA -->
