<?xml version="1.0" encoding="UTF-8"?>
<!-- Generated by org.testng.reporters.JUnitReportReporter -->
<testsuite hostname="DESKTOP-8DBSALH" failures="0" tests="3" name="testNG.ImplicitWaitTestNG" time="7.638" errors="0" timestamp="2022-03-31T13:06:17 IST" skipped="0">
  <testcase classname="testNG.ImplicitWaitTestNG" name="logout" time="1.305"/>
  <system-out/>
  <testcase classname="testNG.ImplicitWaitTestNG" name="teardown" time="0.428"/>
  <system-out/>
  <testcase classname="testNG.ImplicitWaitTestNG" name="login" time="5.905"/>
  <system-out/>
</testsuite> <!-- testNG.ImplicitWaitTestNG -->
