<?xml version="1.0" encoding="UTF-8"?>
<!-- Generated by org.testng.reporters.JUnitReportReporter -->
<testsuite hostname="DESKTOP-8DBSALH" failures="0" tests="1" name="pom.LoginTest" time="4.546" errors="0" timestamp="2022-04-01T22:49:33 IST" skipped="0">
  <testcase classname="pom.LoginTest" name="login" time="4.546"/>
  <system-out/>
</testsuite> <!-- pom.LoginTest -->
