<?xml version="1.0" encoding="UTF-8"?>
<!-- Generated by org.testng.reporters.JUnitReportReporter -->
<testsuite hostname="DESKTOP-8DBSALH" failures="0" tests="1" name="testNG.NewTest" time="0.009" errors="0" timestamp="2022-03-20T16:32:16 IST" skipped="0">
  <testcase classname="testNG.NewTest" name="testCase1" time="0.009"/>
  <system-out/>
</testsuite> <!-- testNG.NewTest -->
