<?xml version="1.0" encoding="UTF-8"?>
<!-- Generated by org.testng.reporters.JUnitReportReporter -->
<testsuite hostname="DESKTOP-8DBSALH" failures="0" tests="3" name="testNG.TestngClass" time="15.282" errors="0" timestamp="2022-03-23T22:23:25 IST" skipped="0">
  <testcase classname="testNG.TestngClass" name="logout" time="5.406"/>
  <system-out/>
  <testcase classname="testNG.TestngClass" name="teardown" time="0.114"/>
  <system-out/>
  <testcase classname="testNG.TestngClass" name="login" time="9.762"/>
  <system-out/>
</testsuite> <!-- testNG.TestngClass -->
