<?xml version="1.0" encoding="UTF-8"?>
<!-- Generated by org.testng.reporters.JUnitReportReporter -->
<testsuite hostname="DESKTOP-8DBSALH" failures="0" tests="1" name="testNG.FluentWait" time="10.285" errors="0" timestamp="2022-03-31T20:07:09 IST" skipped="0">
  <testcase classname="testNG.FluentWait" name="testCase1" time="10.285"/>
  <system-out/>
</testsuite> <!-- testNG.FluentWait -->
