<?xml version="1.0" encoding="UTF-8"?>
<!-- Generated by org.testng.reporters.JUnitReportReporter -->
<testsuite hostname="DESKTOP-8DBSALH" failures="0" tests="1" name="testNG.FluentWaitTestNG" time="10.525" errors="0" timestamp="2022-03-31T22:09:40 IST" skipped="0">
  <testcase classname="testNG.FluentWaitTestNG" name="testCase1" time="10.525"/>
  <system-out/>
</testsuite> <!-- testNG.FluentWaitTestNG -->
