<?xml version="1.0" encoding="UTF-8"?>
<!-- Generated by org.testng.reporters.JUnitReportReporter -->
<testsuite hostname="DESKTOP-8DBSALH" failures="0" tests="1" name="testNG.TestngClass2" time="0.009" errors="0" timestamp="2022-03-23T14:19:57 IST" skipped="0">
  <testcase classname="testNG.TestngClass2" name="testCase" time="0.009"/>
  <system-out/>
</testsuite> <!-- testNG.TestngClass2 -->
