<?xml version="1.0" encoding="UTF-8"?>
<!-- Generated by org.testng.reporters.JUnitReportReporter -->
<testsuite hostname="DESKTOP-8DBSALH" failures="0" tests="4" name="testNG.TestngClass4" time="0.017" errors="0" timestamp="2022-03-23T15:19:40 IST" skipped="0">
  <testcase classname="testNG.TestngClass4" name="Sidebar" time="0.002"/>
  <system-out/>
  <testcase classname="testNG.TestngClass4" name="HomePage" time="0.003"/>
  <system-out/>
  <testcase classname="testNG.TestngClass4" name="GeneralTab" time="0.010"/>
  <system-out/>
  <testcase classname="testNG.TestngClass4" name="Page1" time="0.002"/>
  <system-out/>
</testsuite> <!-- testNG.TestngClass4 -->
