<?xml version="1.0" encoding="UTF-8"?>
<!-- Generated by org.testng.reporters.JUnitReportReporter -->
<testsuite hostname="DESKTOP-8DBSALH" failures="0" tests="1" name="testNG.TestngClass8" time="0.025" errors="0" timestamp="2022-03-24T17:26:41 IST" skipped="0">
  <testcase classname="testNG.TestngClass8" name="getTitle" time="0.025"/>
  <system-out/>
</testsuite> <!-- testNG.TestngClass8 -->
