<?xml version="1.0" encoding="UTF-8"?>
<!-- Generated by org.testng.reporters.JUnitReportReporter -->
<testsuite hostname="DESKTOP-8DBSALH" failures="0" tests="1" name="testNG.ExplicitWaitTestNG" time="16.108" errors="0" timestamp="2022-03-31T17:00:22 IST" skipped="0">
  <testcase classname="testNG.ExplicitWaitTestNG" name="testCase1" time="16.108"/>
  <system-out/>
</testsuite> <!-- testNG.ExplicitWaitTestNG -->
