<?xml version="1.0" encoding="UTF-8"?>
<!-- Generated by org.testng.reporters.JUnitReportReporter -->
<testsuite hostname="DESKTOP-8DBSALH" failures="0" tests="3" name="testNG.NewTestparameter" time="17.864" errors="0" timestamp="2022-03-29T14:17:36 IST" skipped="0">
  <testcase classname="testNG.NewTestparameter" name="login" time="11.642"/>
  <system-out/>
  <testcase classname="testNG.NewTestparameter" name="teardown" time="0.362"/>
  <system-out/>
  <testcase classname="testNG.NewTestparameter" name="logout" time="5.860"/>
  <system-out/>
</testsuite> <!-- testNG.NewTestparameter -->
