<?xml version="1.0" encoding="UTF-8"?>
<!-- Generated by org.testng.reporters.JUnitReportReporter -->
<testsuite hostname="DESKTOP-8DBSALH" failures="0" tests="1" name="testNG.TestngClass9" time="0.012" errors="0" timestamp="2022-03-29T15:43:59 IST" skipped="0">
  <testcase classname="testNG.TestngClass9" name="afterpage" time="0.012"/>
  <system-out/>
</testsuite> <!-- testNG.TestngClass9 -->
