<?xml version="1.0" encoding="UTF-8"?>
<!-- Generated by org.testng.reporters.JUnitReportReporter -->
<testsuite hostname="DESKTOP-8DBSALH" failures="0" tests="1" name="testNG.TestngClass7" time="0.084" errors="0" timestamp="2022-03-24T17:26:41 IST" skipped="0">
  <testcase classname="testNG.TestngClass7" name="afterpage" time="0.084"/>
  <system-out/>
</testsuite> <!-- testNG.TestngClass7 -->
