<?xml version="1.0" encoding="UTF-8"?>
<!-- Generated by org.testng.reporters.JUnitReportReporter -->
<testsuite hostname="DESKTOP-8DBSALH" failures="0" tests="2" name="testNG.TestngClass3" time="0.009" errors="0" timestamp="2022-03-20T16:32:16 IST" skipped="0">
  <testcase classname="testNG.TestngClass3" name="homepage" time="0.006"/>
  <system-out/>
  <testcase classname="testNG.TestngClass3" name="generaltab" time="0.003"/>
  <system-out/>
</testsuite> <!-- testNG.TestngClass3 -->
