<?xml version="1.0" encoding="UTF-8"?>
<!-- Generated by org.testng.reporters.JUnitReportReporter -->
<testsuite hostname="DESKTOP-8DBSALH" failures="0" tests="5" name="testNG.TestngClass5" time="0.047" errors="0" timestamp="2022-03-22T20:05:34 IST" skipped="0">
  <testcase classname="testNG.TestngClass5" name="Profile" time="0.012"/>
  <system-out/>
  <testcase classname="testNG.TestngClass5" name="SearchIcon" time="0.008"/>
  <system-out/>
  <testcase classname="testNG.TestngClass5" name="LogIn" time="0.006"/>
  <system-out/>
  <testcase classname="testNG.TestngClass5" name="AfterScroll" time="0.017"/>
  <system-out/>
  <testcase classname="testNG.TestngClass5" name="HomePage" time="0.004"/>
  <system-out/>
</testsuite> <!-- testNG.TestngClass5 -->
