<?xml version="1.0" encoding="UTF-8"?>
<!-- Generated by org.testng.reporters.JUnitReportReporter -->
<testsuite hostname="DESKTOP-8DBSALH" failures="0" tests="2" name="testNG.TestngClassB" time="0.004" errors="0" timestamp="2022-03-23T15:31:27 IST" skipped="0">
  <testcase classname="testNG.TestngClassB" name="Sidebar" time="0.003"/>
  <system-out/>
  <testcase classname="testNG.TestngClassB" name="HomePage" time="0.001"/>
  <system-out/>
</testsuite> <!-- testNG.TestngClassB -->
